GAS LISTING /tmp/cco3fpj3.s 			page 1


   1              		.file	"memory_override.cpp"
   2              		.option pic
   3              		.option norelax
   4              		.text
   5              	.Ltext0:
   6              		.align	2
   7              		.globl	__mem_alloc
   9              	__mem_alloc:
  10              	.LFB0:
  11              		.file 1 "src/memory_override.cpp"
   1:src/memory_override.cpp **** //
   2:src/memory_override.cpp **** // Created by DjordjeS on 8.8.2022.
   3:src/memory_override.cpp **** //
   4:src/memory_override.cpp **** #include "../lib/mem.h"
   5:src/memory_override.cpp **** #include "../h/MemoryAllocator.hpp"
   6:src/memory_override.cpp **** 
   7:src/memory_override.cpp **** void* __mem_alloc(size_t size){
  12              		.loc 1 7 31
  13              		.cfi_startproc
  14              	.LVL0:
  15 0000 130101FF 		addi	sp,sp,-16
  16              		.cfi_def_cfa_offset 16
  17 0004 23341100 		sd	ra,8(sp)
  18 0008 23308100 		sd	s0,0(sp)
  19              		.cfi_offset 1, -8
  20              		.cfi_offset 8, -16
  21 000c 13040101 		addi	s0,sp,16
  22              		.cfi_def_cfa 8, 0
   8:src/memory_override.cpp ****     return MemoryAllocator::allocate(size);
  23              		.loc 1 8 5
  24              		.loc 1 8 37 is_stmt 0
  25 0010 97000000 		call	_ZN15MemoryAllocator8allocateEm@plt
  25      E7800000 
  26              	.LVL1:
   9:src/memory_override.cpp **** }
  27              		.loc 1 9 1
  28 0018 83308100 		ld	ra,8(sp)
  29              		.cfi_restore 1
  30 001c 03340100 		ld	s0,0(sp)
  31              		.cfi_restore 8
  32              		.cfi_def_cfa 2, 16
  33 0020 13010101 		addi	sp,sp,16
  34              		.cfi_def_cfa_offset 0
  35 0024 67800000 		jr	ra
  36              		.cfi_endproc
  37              	.LFE0:
  39              		.align	2
  40              		.globl	__mem_free
  42              	__mem_free:
  43              	.LFB1:
  10:src/memory_override.cpp **** 
  11:src/memory_override.cpp **** int __mem_free(void *ptr){
  44              		.loc 1 11 26 is_stmt 1
  45              		.cfi_startproc
  46              	.LVL2:
  47 0028 130101FF 		addi	sp,sp,-16
  48              		.cfi_def_cfa_offset 16
GAS LISTING /tmp/cco3fpj3.s 			page 2


  49 002c 23341100 		sd	ra,8(sp)
  50 0030 23308100 		sd	s0,0(sp)
  51              		.cfi_offset 1, -8
  52              		.cfi_offset 8, -16
  53 0034 13040101 		addi	s0,sp,16
  54              		.cfi_def_cfa 8, 0
  12:src/memory_override.cpp ****     return MemoryAllocator::free_memory(ptr);
  55              		.loc 1 12 5
  56              		.loc 1 12 40 is_stmt 0
  57 0038 97000000 		call	_ZN15MemoryAllocator11free_memoryEPv@plt
  57      E7800000 
  58              	.LVL3:
  13:src/memory_override.cpp **** }
  59              		.loc 1 13 1
  60 0040 83308100 		ld	ra,8(sp)
  61              		.cfi_restore 1
  62 0044 03340100 		ld	s0,0(sp)
  63              		.cfi_restore 8
  64              		.cfi_def_cfa 2, 16
  65 0048 13010101 		addi	sp,sp,16
  66              		.cfi_def_cfa_offset 0
  67 004c 67800000 		jr	ra
  68              		.cfi_endproc
  69              	.LFE1:
  71              	.Letext0:
  72              		.file 2 "src/../lib/hw.h"
  73              		.file 3 "src/../h/MemoryAllocator.hpp"
GAS LISTING /tmp/cco3fpj3.s 			page 3


DEFINED SYMBOLS
                            *ABS*:0000000000000000 memory_override.cpp
     /tmp/cco3fpj3.s:9      .text:0000000000000000 __mem_alloc
     /tmp/cco3fpj3.s:13     .text:0000000000000000 .L0 
     /tmp/cco3fpj3.s:15     .text:0000000000000000 .L0 
     /tmp/cco3fpj3.s:16     .text:0000000000000004 .L0 
     /tmp/cco3fpj3.s:19     .text:000000000000000c .L0 
     /tmp/cco3fpj3.s:20     .text:000000000000000c .L0 
     /tmp/cco3fpj3.s:22     .text:0000000000000010 .L0 
     /tmp/cco3fpj3.s:24     .text:0000000000000010 .L0 
     /tmp/cco3fpj3.s:25     .text:0000000000000010 .L0 
     /tmp/cco3fpj3.s:28     .text:0000000000000018 .L0 
     /tmp/cco3fpj3.s:29     .text:000000000000001c .L0 
     /tmp/cco3fpj3.s:31     .text:0000000000000020 .L0 
     /tmp/cco3fpj3.s:32     .text:0000000000000020 .L0 
     /tmp/cco3fpj3.s:34     .text:0000000000000024 .L0 
     /tmp/cco3fpj3.s:36     .text:0000000000000028 .L0 
     /tmp/cco3fpj3.s:42     .text:0000000000000028 __mem_free
     /tmp/cco3fpj3.s:45     .text:0000000000000028 .L0 
     /tmp/cco3fpj3.s:47     .text:0000000000000028 .L0 
     /tmp/cco3fpj3.s:48     .text:000000000000002c .L0 
     /tmp/cco3fpj3.s:51     .text:0000000000000034 .L0 
     /tmp/cco3fpj3.s:52     .text:0000000000000034 .L0 
     /tmp/cco3fpj3.s:54     .text:0000000000000038 .L0 
     /tmp/cco3fpj3.s:56     .text:0000000000000038 .L0 
     /tmp/cco3fpj3.s:57     .text:0000000000000038 .L0 
     /tmp/cco3fpj3.s:60     .text:0000000000000040 .L0 
     /tmp/cco3fpj3.s:61     .text:0000000000000044 .L0 
     /tmp/cco3fpj3.s:63     .text:0000000000000048 .L0 
     /tmp/cco3fpj3.s:64     .text:0000000000000048 .L0 
     /tmp/cco3fpj3.s:66     .text:000000000000004c .L0 
     /tmp/cco3fpj3.s:68     .text:0000000000000050 .L0 
     /tmp/cco3fpj3.s:74     .text:0000000000000050 .L0 
     /tmp/cco3fpj3.s:411    .debug_abbrev:0000000000000000 .Ldebug_abbrev0
     /tmp/cco3fpj3.s:918    .debug_str:00000000000001d0 .LASF36
     /tmp/cco3fpj3.s:920    .debug_str:0000000000000294 .LASF37
     /tmp/cco3fpj3.s:908    .debug_str:000000000000016e .LASF38
     /tmp/cco3fpj3.s:5      .text:0000000000000000 .Ltext0
     /tmp/cco3fpj3.s:71     .text:0000000000000050 .Letext0
     /tmp/cco3fpj3.s:866    .debug_line:0000000000000000 .Ldebug_line0
     /tmp/cco3fpj3.s:926    .debug_str:00000000000002c4 .LASF0
     /tmp/cco3fpj3.s:910    .debug_str:0000000000000193 .LASF1
     /tmp/cco3fpj3.s:904    .debug_str:0000000000000155 .LASF2
     /tmp/cco3fpj3.s:890    .debug_str:00000000000000d0 .LASF4
     /tmp/cco3fpj3.s:916    .debug_str:00000000000001be .LASF3
     /tmp/cco3fpj3.s:874    .debug_str:000000000000002d .LASF5
     /tmp/cco3fpj3.s:868    .debug_str:0000000000000000 .LASF6
     /tmp/cco3fpj3.s:898    .debug_str:00000000000000fe .LASF7
     /tmp/cco3fpj3.s:932    .debug_str:00000000000002ff .LASF8
     /tmp/cco3fpj3.s:888    .debug_str:00000000000000c2 .LASF9
     /tmp/cco3fpj3.s:956    .debug_str:00000000000003e5 .LASF10
     /tmp/cco3fpj3.s:900    .debug_str:0000000000000111 .LASF11
     /tmp/cco3fpj3.s:944    .debug_str:0000000000000378 .LASF12
     /tmp/cco3fpj3.s:936    .debug_str:0000000000000325 .LASF13
     /tmp/cco3fpj3.s:912    .debug_str:00000000000001a6 .LASF14
     /tmp/cco3fpj3.s:894    .debug_str:00000000000000dc .LASF15
     /tmp/cco3fpj3.s:934    .debug_str:000000000000030f .LASF16
GAS LISTING /tmp/cco3fpj3.s 			page 4


     /tmp/cco3fpj3.s:914    .debug_str:00000000000001b2 .LASF22
     /tmp/cco3fpj3.s:876    .debug_str:0000000000000034 .LASF17
     /tmp/cco3fpj3.s:952    .debug_str:00000000000003ab .LASF18
     /tmp/cco3fpj3.s:950    .debug_str:00000000000003a6 .LASF19
     /tmp/cco3fpj3.s:938    .debug_str:0000000000000335 .LASF20
     /tmp/cco3fpj3.s:892    .debug_str:00000000000000d7 .LASF21
     /tmp/cco3fpj3.s:872    .debug_str:000000000000001d .LASF39
     /tmp/cco3fpj3.s:946    .debug_str:0000000000000388 .LASF23
     /tmp/cco3fpj3.s:924    .debug_str:00000000000002b5 .LASF24
     /tmp/cco3fpj3.s:928    .debug_str:00000000000002d1 .LASF40
     /tmp/cco3fpj3.s:930    .debug_str:00000000000002dc .LASF41
     /tmp/cco3fpj3.s:922    .debug_str:00000000000002ac .LASF25
     /tmp/cco3fpj3.s:884    .debug_str:0000000000000096 .LASF27
     /tmp/cco3fpj3.s:896    .debug_str:00000000000000f2 .LASF26
     /tmp/cco3fpj3.s:882    .debug_str:0000000000000071 .LASF28
     /tmp/cco3fpj3.s:870    .debug_str:0000000000000013 .LASF29
     /tmp/cco3fpj3.s:878    .debug_str:0000000000000039 .LASF31
     /tmp/cco3fpj3.s:948    .debug_str:0000000000000396 .LASF30
     /tmp/cco3fpj3.s:902    .debug_str:0000000000000120 .LASF32
     /tmp/cco3fpj3.s:880    .debug_str:0000000000000067 .LASF33
     /tmp/cco3fpj3.s:940    .debug_str:000000000000033a .LASF34
     /tmp/cco3fpj3.s:942    .debug_str:0000000000000368 .LASF42
     /tmp/cco3fpj3.s:954    .debug_str:00000000000003b0 .LASF43
     /tmp/cco3fpj3.s:906    .debug_str:0000000000000163 .LASF44
     /tmp/cco3fpj3.s:43     .text:0000000000000028 .LFB1
     /tmp/cco3fpj3.s:69     .text:0000000000000050 .LFE1
     /tmp/cco3fpj3.s:825    .debug_loc:0000000000000000 .LLST1
     /tmp/cco3fpj3.s:58     .text:0000000000000040 .LVL3
     /tmp/cco3fpj3.s:886    .debug_str:00000000000000b6 .LASF35
     /tmp/cco3fpj3.s:10     .text:0000000000000000 .LFB0
     /tmp/cco3fpj3.s:37     .text:0000000000000028 .LFE0
     /tmp/cco3fpj3.s:839    .debug_loc:0000000000000039 .LLST0
     /tmp/cco3fpj3.s:26     .text:0000000000000018 .LVL1
     /tmp/cco3fpj3.s:46     .text:0000000000000028 .LVL2
     /tmp/cco3fpj3.s:14     .text:0000000000000000 .LVL0
     /tmp/cco3fpj3.s:75     .debug_info:0000000000000000 .Ldebug_info0

UNDEFINED SYMBOLS
_ZN15MemoryAllocator8allocateEm
_ZN15MemoryAllocator11free_memoryEPv
