GAS LISTING /tmp/cc4gapOS.s 			page 1


   1              		.file	"scheduler.cpp"
   2              		.option pic
   3              		.option norelax
   4              		.text
   5              	.Ltext0:
   6              		.align	2
   8              	_Z41__static_initialization_and_destruction_0ii:
   9              	.LFB31:
  10              		.file 1 "src/scheduler.cpp"
   1:src/scheduler.cpp **** #include "../h/scheduler.hpp"
   2:src/scheduler.cpp **** 
   3:src/scheduler.cpp **** List<TCB> Scheduler::readyThreadQueue;
   4:src/scheduler.cpp **** 
   5:src/scheduler.cpp **** TCB *Scheduler::get()
   6:src/scheduler.cpp **** {
   7:src/scheduler.cpp ****     return readyThreadQueue.removeFirst();
   8:src/scheduler.cpp **** }
   9:src/scheduler.cpp **** 
  10:src/scheduler.cpp **** void Scheduler::put(TCB *ccb)
  11:src/scheduler.cpp **** {
  12:src/scheduler.cpp ****     readyThreadQueue.addLast(ccb);
  13:src/scheduler.cpp **** }
  14:src/scheduler.cpp **** 
  15:src/scheduler.cpp **** int Scheduler::getLength(){
  16:src/scheduler.cpp ****     return readyThreadQueue.get_length();
  17:src/scheduler.cpp **** }...
  11              		.loc 1 17 1
  12              		.cfi_startproc
  13              	.LVL0:
  14 0000 130101FF 		addi	sp,sp,-16
  15              		.cfi_def_cfa_offset 16
  16 0004 23348100 		sd	s0,8(sp)
  17              		.cfi_offset 8, -8
  18 0008 13040101 		addi	s0,sp,16
  19              		.cfi_def_cfa 8, 0
  20              		.loc 1 17 1 is_stmt 0
  21 000c 93071000 		li	a5,1
  22 0010 6308F500 		beq	a0,a5,.L4
  23              	.L1:
  24 0014 03348100 		ld	s0,8(sp)
  25              		.cfi_remember_state
  26              		.cfi_restore 8
  27              		.cfi_def_cfa 2, 16
  28 0018 13010101 		addi	sp,sp,16
  29              		.cfi_def_cfa_offset 0
  30 001c 67800000 		jr	ra
  31              	.L4:
  32              		.cfi_restore_state
  33              		.loc 1 17 1 discriminator 1
  34 0020 B7070100 		li	a5,65536
  35 0024 9387F7FF 		addi	a5,a5,-1
  36 0028 E396F5FE 		bne	a1,a5,.L1
  37              	.LVL1:
  38              	.LBB14:
  39              	.LBB15:
  40              	.LBB16:
  41              		.file 2 "src/../h/list.hpp"
GAS LISTING /tmp/cc4gapOS.s 			page 2


   1:src/../h/list.hpp **** //
   2:src/../h/list.hpp **** // Created by DjordjeS on 20.7.2022.
   3:src/../h/list.hpp **** //
   4:src/../h/list.hpp **** 
   5:src/../h/list.hpp **** #ifndef OS1_VEZBE07_RISCV_CONTEXT_SWITCH_2_INTERRUPT_LIST_HPP
   6:src/../h/list.hpp **** #define OS1_VEZBE07_RISCV_CONTEXT_SWITCH_2_INTERRUPT_LIST_HPP
   7:src/../h/list.hpp **** 
   8:src/../h/list.hpp **** #include "../lib/hw.h"
   9:src/../h/list.hpp **** #include "../lib/mem.h"
  10:src/../h/list.hpp **** 
  11:src/../h/list.hpp **** template<typename T>
  12:src/../h/list.hpp **** class List
  13:src/../h/list.hpp **** {
  14:src/../h/list.hpp **** protected:
  15:src/../h/list.hpp ****     struct Elem{
  16:src/../h/list.hpp ****         //---[NEW i DELETE]--------------------------------------------
  17:src/../h/list.hpp ****         void *operator new(size_t n){return __mem_alloc(n);}
  18:src/../h/list.hpp ****         void *operator new[](size_t n){return __mem_alloc(n);}
  19:src/../h/list.hpp ****         void operator delete(void *p) {__mem_free(p);}
  20:src/../h/list.hpp ****         void operator delete[](void *p) {__mem_free(p);}
  21:src/../h/list.hpp ****         //-------------------------------------------------------------
  22:src/../h/list.hpp **** 
  23:src/../h/list.hpp ****         T *data;
  24:src/../h/list.hpp ****         Elem *next;
  25:src/../h/list.hpp **** 
  26:src/../h/list.hpp ****         Elem(T *data, Elem *next) : data(data), next(next) {}
  27:src/../h/list.hpp ****     };
  28:src/../h/list.hpp **** 
  29:src/../h/list.hpp ****     Elem *head, *tail;
  30:src/../h/list.hpp ****     unsigned length;
  31:src/../h/list.hpp ****     friend class TCB;
  32:src/../h/list.hpp ****     friend class SleepingThread;
  33:src/../h/list.hpp **** 
  34:src/../h/list.hpp **** public:
  35:src/../h/list.hpp ****     //---[NEW i DELETE]--------------------------------------------
  36:src/../h/list.hpp ****     void *operator new(size_t n){return __mem_alloc(n);}
  37:src/../h/list.hpp ****     void *operator new[](size_t n){return __mem_alloc(n);}
  38:src/../h/list.hpp ****     void operator delete(void *p) {__mem_free(p);}
  39:src/../h/list.hpp ****     void operator delete[](void *p) {__mem_free(p);}
  40:src/../h/list.hpp ****     //-------------------------------------------------------------
  41:src/../h/list.hpp ****     List() : head(0), tail(0), length(0) {}
  42              		.loc 2 41 40
  43 002c 97070000 		lla	a5,.LANCHOR0
  43      93870700 
  44 0034 23B00700 		sd	zero,0(a5)
  45 0038 23B40700 		sd	zero,8(a5)
  46 003c 23A80700 		sw	zero,16(a5)
  47              	.LVL2:
  48              	.LBE16:
  49              	.LBE15:
  50              	.LBE14:
  51              		.loc 1 17 1
  52 0040 6FF05FFD 		j	.L1
  53              		.cfi_endproc
  54              	.LFE31:
  56              		.align	2
  57              		.globl	_ZN9Scheduler3getEv
GAS LISTING /tmp/cc4gapOS.s 			page 3


  59              	_ZN9Scheduler3getEv:
  60              	.LFB17:
   6:src/scheduler.cpp **** {
  61              		.loc 1 6 1 is_stmt 1
  62              		.cfi_startproc
  63 0044 130101FE 		addi	sp,sp,-32
  64              		.cfi_def_cfa_offset 32
  65 0048 233C1100 		sd	ra,24(sp)
  66 004c 23388100 		sd	s0,16(sp)
  67 0050 23349100 		sd	s1,8(sp)
  68              		.cfi_offset 1, -8
  69              		.cfi_offset 8, -16
  70              		.cfi_offset 9, -24
  71 0054 13040102 		addi	s0,sp,32
  72              		.cfi_def_cfa 8, 0
   7:src/scheduler.cpp ****     return readyThreadQueue.removeFirst();
  73              		.loc 1 7 5
  74              	.LVL3:
  75              	.LBB21:
  76              	.LBB22:
  42:src/../h/list.hpp **** 
  43:src/../h/list.hpp ****     List(const List<T> &) = delete;
  44:src/../h/list.hpp **** 
  45:src/../h/list.hpp ****     List<T> &operator=(const List<T> &) = delete;
  46:src/../h/list.hpp **** 
  47:src/../h/list.hpp ****     unsigned get_length() const { return length;}
  48:src/../h/list.hpp **** 
  49:src/../h/list.hpp ****     void addFirst(T *data)
  50:src/../h/list.hpp ****     {
  51:src/../h/list.hpp ****         Elem *elem = new Elem(data, head);
  52:src/../h/list.hpp ****         head = elem;
  53:src/../h/list.hpp ****         if (!tail) { tail = head; }
  54:src/../h/list.hpp ****         length++;
  55:src/../h/list.hpp ****     }
  56:src/../h/list.hpp **** 
  57:src/../h/list.hpp ****     void addLast(T *data)
  58:src/../h/list.hpp ****     {
  59:src/../h/list.hpp ****         Elem *elem = new Elem(data, 0);
  60:src/../h/list.hpp ****         if (tail)
  61:src/../h/list.hpp ****         {
  62:src/../h/list.hpp ****             tail->next = elem;
  63:src/../h/list.hpp ****             tail = elem;
  64:src/../h/list.hpp ****         } else
  65:src/../h/list.hpp ****         {
  66:src/../h/list.hpp ****             head = tail = elem;
  67:src/../h/list.hpp ****         }
  68:src/../h/list.hpp ****         length++;
  69:src/../h/list.hpp ****     }
  70:src/../h/list.hpp **** 
  71:src/../h/list.hpp ****     T *removeFirst()
  72:src/../h/list.hpp ****     {
  73:src/../h/list.hpp **** 
  74:src/../h/list.hpp ****         if (!head) { return 0; }
  77              		.loc 2 74 14 is_stmt 0
  78 0058 17050000 		ld	a0,.LANCHOR0
  78      03350500 
  79              		.loc 2 74 9
GAS LISTING /tmp/cc4gapOS.s 			page 4


  80 0060 630A0504 		beqz	a0,.L8
  75:src/../h/list.hpp ****         length--;
  81              		.loc 2 75 9
  82 0064 97070000 		lla	a5,.LANCHOR0
  82      93870700 
  83 006c 03A70701 		lw	a4,16(a5)
  84 0070 1B07F7FF 		addiw	a4,a4,-1
  85 0074 23A8E700 		sw	a4,16(a5)
  86              	.LVL4:
  76:src/../h/list.hpp ****         Elem *elem = head;
  77:src/../h/list.hpp ****         head = head->next;
  87              		.loc 2 77 22
  88 0078 03378500 		ld	a4,8(a0)
  89              		.loc 2 77 9
  90 007c 23B0E700 		sd	a4,0(a5)
  78:src/../h/list.hpp ****         if (!head) { tail = 0; }
  91              		.loc 2 78 9
  92 0080 63040702 		beqz	a4,.L10
  93              	.L7:
  79:src/../h/list.hpp **** 
  80:src/../h/list.hpp ****         T *ret = elem->data;
  94              		.loc 2 80 12
  95 0084 83340500 		ld	s1,0(a0)
  96              	.LVL5:
  97              	.LBB23:
  98              	.LBB24:
  19:src/../h/list.hpp ****         void operator delete[](void *p) {__mem_free(p);}
  99              		.loc 2 19 50
 100 0088 97000000 		call	__mem_free@plt
 100      E7800000 
 101              	.LVL6:
 102              	.L5:
 103              	.LBE24:
 104              	.LBE23:
 105              	.LBE22:
 106              	.LBE21:
   8:src/scheduler.cpp **** }
 107              		.loc 1 8 1
 108 0090 13850400 		mv	a0,s1
 109 0094 83308101 		ld	ra,24(sp)
 110              		.cfi_remember_state
 111              		.cfi_restore 1
 112 0098 03340101 		ld	s0,16(sp)
 113              		.cfi_restore 8
 114              		.cfi_def_cfa 2, 32
 115 009c 83348100 		ld	s1,8(sp)
 116              		.cfi_restore 9
 117 00a0 13010102 		addi	sp,sp,32
 118              		.cfi_def_cfa_offset 0
 119 00a4 67800000 		jr	ra
 120              	.LVL7:
 121              	.L10:
 122              		.cfi_restore_state
 123              	.LBB26:
 124              	.LBB25:
  78:src/../h/list.hpp **** 
 125              		.loc 2 78 22
GAS LISTING /tmp/cc4gapOS.s 			page 5


 126 00a8 97070000 		sd	zero,.LANCHOR0+8,a5
 126      23B00700 
 127 00b0 6FF05FFD 		j	.L7
 128              	.LVL8:
 129              	.L8:
  74:src/../h/list.hpp ****         length--;
 130              		.loc 2 74 29
 131 00b4 93040500 		mv	s1,a0
 132              	.LVL9:
 133              	.LBE25:
 134              	.LBE26:
   7:src/scheduler.cpp ****     return readyThreadQueue.removeFirst();
 135              		.loc 1 7 41
 136 00b8 6FF09FFD 		j	.L5
 137              		.cfi_endproc
 138              	.LFE17:
 140              		.align	2
 141              		.globl	_ZN9Scheduler3putEP3TCB
 143              	_ZN9Scheduler3putEP3TCB:
 144              	.LFB18:
  11:src/scheduler.cpp **** {
 145              		.loc 1 11 1 is_stmt 1
 146              		.cfi_startproc
 147              	.LVL10:
 148 00bc 130101FE 		addi	sp,sp,-32
 149              		.cfi_def_cfa_offset 32
 150 00c0 233C1100 		sd	ra,24(sp)
 151 00c4 23388100 		sd	s0,16(sp)
 152 00c8 23349100 		sd	s1,8(sp)
 153              		.cfi_offset 1, -8
 154              		.cfi_offset 8, -16
 155              		.cfi_offset 9, -24
 156 00cc 13040102 		addi	s0,sp,32
 157              		.cfi_def_cfa 8, 0
 158 00d0 93040500 		mv	s1,a0
  12:src/scheduler.cpp ****     readyThreadQueue.addLast(ccb);
 159              		.loc 1 12 5
 160              	.LVL11:
 161              	.LBB34:
 162              	.LBB35:
 163              	.LBB36:
 164              	.LBB37:
  17:src/../h/list.hpp ****         void *operator new[](size_t n){return __mem_alloc(n);}
 165              		.loc 2 17 56 is_stmt 0
 166 00d4 13050001 		li	a0,16
 167              	.LVL12:
 168 00d8 97000000 		call	__mem_alloc@plt
 168      E7800000 
 169              	.LVL13:
 170              	.LBE37:
 171              	.LBE36:
 172              	.LBB38:
 173              	.LBB39:
  26:src/../h/list.hpp ****     };
 174              		.loc 2 26 58
 175 00e0 23309500 		sd	s1,0(a0)
 176 00e4 23340500 		sd	zero,8(a0)
GAS LISTING /tmp/cc4gapOS.s 			page 6


 177              	.LVL14:
 178              	.LBE39:
 179              	.LBE38:
  60:src/../h/list.hpp ****         {
 180              		.loc 2 60 13
 181 00e8 97070000 		ld	a5,.LANCHOR0+8
 181      83B70700 
  60:src/../h/list.hpp ****         {
 182              		.loc 2 60 9
 183 00f0 638C0702 		beqz	a5,.L12
  62:src/../h/list.hpp ****             tail = elem;
 184              		.loc 2 62 13
 185 00f4 23B4A700 		sd	a0,8(a5)
  63:src/../h/list.hpp ****         } else
 186              		.loc 2 63 13
 187 00f8 97070000 		sd	a0,.LANCHOR0+8,a5
 187      23B0A700 
 188              	.L13:
  68:src/../h/list.hpp ****     }
 189              		.loc 2 68 9
 190 0100 17070000 		lla	a4,.LANCHOR0
 190      13070700 
 191 0108 83270701 		lw	a5,16(a4)
 192 010c 9B871700 		addiw	a5,a5,1
 193 0110 2328F700 		sw	a5,16(a4)
 194              	.LVL15:
 195              	.LBE35:
 196              	.LBE34:
  13:src/scheduler.cpp **** }
 197              		.loc 1 13 1
 198 0114 83308101 		ld	ra,24(sp)
 199              		.cfi_remember_state
 200              		.cfi_restore 1
 201 0118 03340101 		ld	s0,16(sp)
 202              		.cfi_restore 8
 203              		.cfi_def_cfa 2, 32
 204 011c 83348100 		ld	s1,8(sp)
 205              		.cfi_restore 9
 206              	.LVL16:
 207 0120 13010102 		addi	sp,sp,32
 208              		.cfi_def_cfa_offset 0
 209 0124 67800000 		jr	ra
 210              	.LVL17:
 211              	.L12:
 212              		.cfi_restore_state
 213              	.LBB41:
 214              	.LBB40:
  66:src/../h/list.hpp ****         }
 215              		.loc 2 66 13
 216 0128 97070000 		lla	a5,.LANCHOR0
 216      93870700 
 217 0130 23B4A700 		sd	a0,8(a5)
 218 0134 23B0A700 		sd	a0,0(a5)
 219 0138 6FF09FFC 		j	.L13
 220              	.LBE40:
 221              	.LBE41:
 222              		.cfi_endproc
GAS LISTING /tmp/cc4gapOS.s 			page 7


 223              	.LFE18:
 225              		.align	2
 226              		.globl	_ZN9Scheduler9getLengthEv
 228              	_ZN9Scheduler9getLengthEv:
 229              	.LFB19:
  15:src/scheduler.cpp **** int Scheduler::getLength(){
 230              		.loc 1 15 27 is_stmt 1
 231              		.cfi_startproc
 232 013c 130101FF 		addi	sp,sp,-16
 233              		.cfi_def_cfa_offset 16
 234 0140 23348100 		sd	s0,8(sp)
 235              		.cfi_offset 8, -8
 236 0144 13040101 		addi	s0,sp,16
 237              		.cfi_def_cfa 8, 0
  16:src/scheduler.cpp ****     return readyThreadQueue.get_length();
 238              		.loc 1 16 5
 239              		.loc 1 17 1 is_stmt 0
 240 0148 17050000 		lw	a0,.LANCHOR0+16
 240      03250500 
 241 0150 03348100 		ld	s0,8(sp)
 242              		.cfi_restore 8
 243              		.cfi_def_cfa 2, 16
 244 0154 13010101 		addi	sp,sp,16
 245              		.cfi_def_cfa_offset 0
 246 0158 67800000 		jr	ra
 247              		.cfi_endproc
 248              	.LFE19:
 250              		.align	2
 252              	_GLOBAL__sub_I__ZN9Scheduler16readyThreadQueueE:
 253              	.LFB32:
 254              		.loc 1 17 1 is_stmt 1
 255              		.cfi_startproc
 256 015c 130101FF 		addi	sp,sp,-16
 257              		.cfi_def_cfa_offset 16
 258 0160 23341100 		sd	ra,8(sp)
 259 0164 23308100 		sd	s0,0(sp)
 260              		.cfi_offset 1, -8
 261              		.cfi_offset 8, -16
 262 0168 13040101 		addi	s0,sp,16
 263              		.cfi_def_cfa 8, 0
 264              		.loc 1 17 1 is_stmt 0
 265 016c B7050100 		li	a1,65536
 266 0170 9385F5FF 		addi	a1,a1,-1
 267 0174 13051000 		li	a0,1
 268 0178 97000000 		call	_Z41__static_initialization_and_destruction_0ii
 268      E7800000 
 269              	.LVL18:
 270 0180 83308100 		ld	ra,8(sp)
 271              		.cfi_restore 1
 272 0184 03340100 		ld	s0,0(sp)
 273              		.cfi_restore 8
 274              		.cfi_def_cfa 2, 16
 275 0188 13010101 		addi	sp,sp,16
 276              		.cfi_def_cfa_offset 0
 277 018c 67800000 		jr	ra
 278              		.cfi_endproc
 279              	.LFE32:
GAS LISTING /tmp/cc4gapOS.s 			page 8


 281              		.section	.init_array,"aw"
 282              		.align	3
 283 0000 00000000 		.dword	_GLOBAL__sub_I__ZN9Scheduler16readyThreadQueueE
 283      00000000 
 284              		.globl	_ZN9Scheduler16readyThreadQueueE
 285              		.bss
 286              		.align	3
 287              		.set	.LANCHOR0,. + 0
 290              	_ZN9Scheduler16readyThreadQueueE:
 291 0000 00000000 		.zero	24
 291      00000000 
 291      00000000 
 291      00000000 
 291      00000000 
 292              		.text
 293              	.Letext0:
 294              		.file 3 "src/../h/../lib/hw.h"
 295              		.file 4 "src/../h/scheduler.hpp"
 296              		.file 5 "src/../h/../lib/mem.h"
GAS LISTING /tmp/cc4gapOS.s 			page 9


DEFINED SYMBOLS
                            *ABS*:0000000000000000 scheduler.cpp
     /tmp/cc4gapOS.s:8      .text:0000000000000000 _Z41__static_initialization_and_destruction_0ii
     /tmp/cc4gapOS.s:12     .text:0000000000000000 .L0 
     /tmp/cc4gapOS.s:14     .text:0000000000000000 .L0 
     /tmp/cc4gapOS.s:15     .text:0000000000000004 .L0 
     /tmp/cc4gapOS.s:17     .text:0000000000000008 .L0 
     /tmp/cc4gapOS.s:19     .text:000000000000000c .L0 
     /tmp/cc4gapOS.s:21     .text:000000000000000c .L0 
     /tmp/cc4gapOS.s:25     .text:0000000000000018 .L0 
     /tmp/cc4gapOS.s:26     .text:0000000000000018 .L0 
     /tmp/cc4gapOS.s:27     .text:0000000000000018 .L0 
     /tmp/cc4gapOS.s:29     .text:000000000000001c .L0 
     /tmp/cc4gapOS.s:32     .text:0000000000000020 .L0 
     /tmp/cc4gapOS.s:34     .text:0000000000000020 .L0 
     /tmp/cc4gapOS.s:43     .text:000000000000002c .L0 
     /tmp/cc4gapOS.s:52     .text:0000000000000040 .L0 
     /tmp/cc4gapOS.s:53     .text:0000000000000044 .L0 
     /tmp/cc4gapOS.s:59     .text:0000000000000044 _ZN9Scheduler3getEv
     /tmp/cc4gapOS.s:62     .text:0000000000000044 .L0 
     /tmp/cc4gapOS.s:63     .text:0000000000000044 .L0 
     /tmp/cc4gapOS.s:64     .text:0000000000000048 .L0 
     /tmp/cc4gapOS.s:68     .text:0000000000000054 .L0 
     /tmp/cc4gapOS.s:69     .text:0000000000000054 .L0 
     /tmp/cc4gapOS.s:70     .text:0000000000000054 .L0 
     /tmp/cc4gapOS.s:72     .text:0000000000000058 .L0 
     /tmp/cc4gapOS.s:77     .text:0000000000000058 .L0 
     /tmp/cc4gapOS.s:78     .text:0000000000000058 .L0 
     /tmp/cc4gapOS.s:80     .text:0000000000000060 .L0 
     /tmp/cc4gapOS.s:82     .text:0000000000000064 .L0 
     /tmp/cc4gapOS.s:88     .text:0000000000000078 .L0 
     /tmp/cc4gapOS.s:90     .text:000000000000007c .L0 
     /tmp/cc4gapOS.s:92     .text:0000000000000080 .L0 
     /tmp/cc4gapOS.s:95     .text:0000000000000084 .L0 
     /tmp/cc4gapOS.s:100    .text:0000000000000088 .L0 
     /tmp/cc4gapOS.s:108    .text:0000000000000090 .L0 
     /tmp/cc4gapOS.s:110    .text:0000000000000098 .L0 
     /tmp/cc4gapOS.s:111    .text:0000000000000098 .L0 
     /tmp/cc4gapOS.s:113    .text:000000000000009c .L0 
     /tmp/cc4gapOS.s:114    .text:000000000000009c .L0 
     /tmp/cc4gapOS.s:116    .text:00000000000000a0 .L0 
     /tmp/cc4gapOS.s:118    .text:00000000000000a4 .L0 
     /tmp/cc4gapOS.s:122    .text:00000000000000a8 .L0 
     /tmp/cc4gapOS.s:126    .text:00000000000000a8 .L0 
     /tmp/cc4gapOS.s:131    .text:00000000000000b4 .L0 
     /tmp/cc4gapOS.s:136    .text:00000000000000b8 .L0 
     /tmp/cc4gapOS.s:137    .text:00000000000000bc .L0 
     /tmp/cc4gapOS.s:143    .text:00000000000000bc _ZN9Scheduler3putEP3TCB
     /tmp/cc4gapOS.s:146    .text:00000000000000bc .L0 
     /tmp/cc4gapOS.s:148    .text:00000000000000bc .L0 
     /tmp/cc4gapOS.s:149    .text:00000000000000c0 .L0 
     /tmp/cc4gapOS.s:153    .text:00000000000000cc .L0 
     /tmp/cc4gapOS.s:154    .text:00000000000000cc .L0 
     /tmp/cc4gapOS.s:155    .text:00000000000000cc .L0 
     /tmp/cc4gapOS.s:157    .text:00000000000000d0 .L0 
     /tmp/cc4gapOS.s:165    .text:00000000000000d4 .L0 
     /tmp/cc4gapOS.s:166    .text:00000000000000d4 .L0 
GAS LISTING /tmp/cc4gapOS.s 			page 10


     /tmp/cc4gapOS.s:175    .text:00000000000000e0 .L0 
     /tmp/cc4gapOS.s:181    .text:00000000000000e8 .L0 
     /tmp/cc4gapOS.s:183    .text:00000000000000f0 .L0 
     /tmp/cc4gapOS.s:185    .text:00000000000000f4 .L0 
     /tmp/cc4gapOS.s:187    .text:00000000000000f8 .L0 
     /tmp/cc4gapOS.s:190    .text:0000000000000100 .L0 
     /tmp/cc4gapOS.s:198    .text:0000000000000114 .L0 
     /tmp/cc4gapOS.s:199    .text:0000000000000118 .L0 
     /tmp/cc4gapOS.s:200    .text:0000000000000118 .L0 
     /tmp/cc4gapOS.s:202    .text:000000000000011c .L0 
     /tmp/cc4gapOS.s:203    .text:000000000000011c .L0 
     /tmp/cc4gapOS.s:205    .text:0000000000000120 .L0 
     /tmp/cc4gapOS.s:208    .text:0000000000000124 .L0 
     /tmp/cc4gapOS.s:212    .text:0000000000000128 .L0 
     /tmp/cc4gapOS.s:216    .text:0000000000000128 .L0 
     /tmp/cc4gapOS.s:222    .text:000000000000013c .L0 
     /tmp/cc4gapOS.s:228    .text:000000000000013c _ZN9Scheduler9getLengthEv
     /tmp/cc4gapOS.s:231    .text:000000000000013c .L0 
     /tmp/cc4gapOS.s:232    .text:000000000000013c .L0 
     /tmp/cc4gapOS.s:233    .text:0000000000000140 .L0 
     /tmp/cc4gapOS.s:235    .text:0000000000000144 .L0 
     /tmp/cc4gapOS.s:237    .text:0000000000000148 .L0 
     /tmp/cc4gapOS.s:239    .text:0000000000000148 .L0 
     /tmp/cc4gapOS.s:240    .text:0000000000000148 .L0 
     /tmp/cc4gapOS.s:242    .text:0000000000000154 .L0 
     /tmp/cc4gapOS.s:243    .text:0000000000000154 .L0 
     /tmp/cc4gapOS.s:245    .text:0000000000000158 .L0 
     /tmp/cc4gapOS.s:247    .text:000000000000015c .L0 
     /tmp/cc4gapOS.s:252    .text:000000000000015c _GLOBAL__sub_I__ZN9Scheduler16readyThreadQueueE
     /tmp/cc4gapOS.s:255    .text:000000000000015c .L0 
     /tmp/cc4gapOS.s:256    .text:000000000000015c .L0 
     /tmp/cc4gapOS.s:257    .text:0000000000000160 .L0 
     /tmp/cc4gapOS.s:260    .text:0000000000000168 .L0 
     /tmp/cc4gapOS.s:261    .text:0000000000000168 .L0 
     /tmp/cc4gapOS.s:263    .text:000000000000016c .L0 
     /tmp/cc4gapOS.s:265    .text:000000000000016c .L0 
     /tmp/cc4gapOS.s:271    .text:0000000000000184 .L0 
     /tmp/cc4gapOS.s:273    .text:0000000000000188 .L0 
     /tmp/cc4gapOS.s:274    .text:0000000000000188 .L0 
     /tmp/cc4gapOS.s:276    .text:000000000000018c .L0 
     /tmp/cc4gapOS.s:278    .text:0000000000000190 .L0 
     /tmp/cc4gapOS.s:290    .bss:0000000000000000 _ZN9Scheduler16readyThreadQueueE
     /tmp/cc4gapOS.s:287    .bss:0000000000000000 .LANCHOR0
     /tmp/cc4gapOS.s:297    .text:0000000000000190 .L0 
     /tmp/cc4gapOS.s:43     .text:000000000000002c .L0 
     /tmp/cc4gapOS.s:78     .text:0000000000000058 .L0 
     /tmp/cc4gapOS.s:82     .text:0000000000000064 .L0 
     /tmp/cc4gapOS.s:126    .text:00000000000000a8 .L0 
     /tmp/cc4gapOS.s:181    .text:00000000000000e8 .L0 
     /tmp/cc4gapOS.s:187    .text:00000000000000f8 .L0 
     /tmp/cc4gapOS.s:190    .text:0000000000000100 .L0 
     /tmp/cc4gapOS.s:216    .text:0000000000000128 .L0 
     /tmp/cc4gapOS.s:240    .text:0000000000000148 .L0 
     /tmp/cc4gapOS.s:31     .text:0000000000000020 .L4
     /tmp/cc4gapOS.s:23     .text:0000000000000014 .L1
     /tmp/cc4gapOS.s:129    .text:00000000000000b4 .L8
     /tmp/cc4gapOS.s:121    .text:00000000000000a8 .L10
GAS LISTING /tmp/cc4gapOS.s 			page 11


     /tmp/cc4gapOS.s:93     .text:0000000000000084 .L7
     /tmp/cc4gapOS.s:102    .text:0000000000000090 .L5
     /tmp/cc4gapOS.s:211    .text:0000000000000128 .L12
     /tmp/cc4gapOS.s:188    .text:0000000000000100 .L13
     /tmp/cc4gapOS.s:1123   .debug_abbrev:0000000000000000 .Ldebug_abbrev0
     /tmp/cc4gapOS.s:2293   .debug_str:000000000000027e .LASF67
     /tmp/cc4gapOS.s:2275   .debug_str:00000000000001d5 .LASF68
     /tmp/cc4gapOS.s:2297   .debug_str:000000000000035b .LASF69
     /tmp/cc4gapOS.s:5      .text:0000000000000000 .Ltext0
     /tmp/cc4gapOS.s:293    .text:0000000000000190 .Letext0
     /tmp/cc4gapOS.s:2219   .debug_line:0000000000000000 .Ldebug_line0
     /tmp/cc4gapOS.s:2303   .debug_str:0000000000000393 .LASF0
     /tmp/cc4gapOS.s:2281   .debug_str:000000000000020d .LASF1
     /tmp/cc4gapOS.s:2269   .debug_str:0000000000000191 .LASF2
     /tmp/cc4gapOS.s:2237   .debug_str:000000000000006b .LASF4
     /tmp/cc4gapOS.s:2279   .debug_str:00000000000001fb .LASF3
     /tmp/cc4gapOS.s:2227   .debug_str:0000000000000032 .LASF5
     /tmp/cc4gapOS.s:2223   .debug_str:0000000000000014 .LASF6
     /tmp/cc4gapOS.s:2257   .debug_str:0000000000000124 .LASF7
     /tmp/cc4gapOS.s:2319   .debug_str:0000000000000400 .LASF8
     /tmp/cc4gapOS.s:2235   .debug_str:000000000000005d .LASF9
     /tmp/cc4gapOS.s:2371   .debug_str:00000000000005dd .LASF10
     /tmp/cc4gapOS.s:2263   .debug_str:000000000000015a .LASF11
     /tmp/cc4gapOS.s:2351   .debug_str:0000000000000538 .LASF12
     /tmp/cc4gapOS.s:2327   .debug_str:0000000000000445 .LASF13
     /tmp/cc4gapOS.s:2283   .debug_str:0000000000000220 .LASF14
     /tmp/cc4gapOS.s:2247   .debug_str:00000000000000d9 .LASF15
     /tmp/cc4gapOS.s:2323   .debug_str:000000000000042a .LASF16
     /tmp/cc4gapOS.s:2255   .debug_str:000000000000011a .LASF18
     /tmp/cc4gapOS.s:2313   .debug_str:00000000000003da .LASF32
     /tmp/cc4gapOS.s:2233   .debug_str:0000000000000049 .LASF70
     /tmp/cc4gapOS.s:2299   .debug_str:0000000000000380 .LASF17
     /tmp/cc4gapOS.s:2321   .debug_str:0000000000000410 .LASF71
     /tmp/cc4gapOS.s:2245   .debug_str:00000000000000c1 .LASF72
     /tmp/cc4gapOS.s:2345   .debug_str:00000000000004f3 .LASF19
     /tmp/cc4gapOS.s:2325   .debug_str:0000000000000440 .LASF30
     /tmp/cc4gapOS.s:2311   .debug_str:00000000000003cd .LASF20
     /tmp/cc4gapOS.s:2309   .debug_str:00000000000003b5 .LASF22
     /tmp/cc4gapOS.s:2357   .debug_str:0000000000000557 .LASF21
     /tmp/cc4gapOS.s:2367   .debug_str:00000000000005a8 .LASF23
     /tmp/cc4gapOS.s:2307   .debug_str:00000000000003a5 .LASF24
     /tmp/cc4gapOS.s:2295   .debug_str:0000000000000342 .LASF26
     /tmp/cc4gapOS.s:2335   .debug_str:00000000000004a5 .LASF25
     /tmp/cc4gapOS.s:2271   .debug_str:000000000000019f .LASF27
     /tmp/cc4gapOS.s:2261   .debug_str:0000000000000155 .LASF28
     /tmp/cc4gapOS.s:2229   .debug_str:0000000000000039 .LASF29
     /tmp/cc4gapOS.s:2347   .debug_str:00000000000004fd .LASF31
     /tmp/cc4gapOS.s:2355   .debug_str:0000000000000552 .LASF33
     /tmp/cc4gapOS.s:2343   .debug_str:00000000000004ee .LASF34
     /tmp/cc4gapOS.s:2363   .debug_str:000000000000059c .LASF35
     /tmp/cc4gapOS.s:2287   .debug_str:0000000000000237 .LASF36
     /tmp/cc4gapOS.s:2339   .debug_str:00000000000004d3 .LASF37
     /tmp/cc4gapOS.s:2221   .debug_str:0000000000000000 .LASF38
     /tmp/cc4gapOS.s:2277   .debug_str:00000000000001e7 .LASF39
     /tmp/cc4gapOS.s:2249   .debug_str:00000000000000ef .LASF40
     /tmp/cc4gapOS.s:2241   .debug_str:00000000000000a2 .LASF41
     /tmp/cc4gapOS.s:2253   .debug_str:0000000000000103 .LASF43
GAS LISTING /tmp/cc4gapOS.s 			page 12


     /tmp/cc4gapOS.s:2353   .debug_str:0000000000000548 .LASF73
     /tmp/cc4gapOS.s:2329   .debug_str:0000000000000455 .LASF74
     /tmp/cc4gapOS.s:2361   .debug_str:0000000000000591 .LASF42
     /tmp/cc4gapOS.s:2267   .debug_str:0000000000000173 .LASF44
     /tmp/cc4gapOS.s:2301   .debug_str:000000000000038a .LASF45
     /tmp/cc4gapOS.s:2369   .debug_str:00000000000005c0 .LASF46
     /tmp/cc4gapOS.s:2341   .debug_str:00000000000004e6 .LASF47
     /tmp/cc4gapOS.s:2349   .debug_str:000000000000051c .LASF48
     /tmp/cc4gapOS.s:2243   .debug_str:00000000000000b5 .LASF49
     /tmp/cc4gapOS.s:2259   .debug_str:0000000000000137 .LASF50
     /tmp/cc4gapOS.s:2265   .debug_str:0000000000000169 .LASF51
     /tmp/cc4gapOS.s:2337   .debug_str:00000000000004b8 .LASF52
     /tmp/cc4gapOS.s:2231   .debug_str:000000000000003e .LASF53
     /tmp/cc4gapOS.s:2273   .debug_str:00000000000001b8 .LASF54
     /tmp/cc4gapOS.s:2315   .debug_str:00000000000003eb .LASF55
     /tmp/cc4gapOS.s:2331   .debug_str:000000000000046c .LASF56
     /tmp/cc4gapOS.s:2291   .debug_str:000000000000025d .LASF75
     /tmp/cc4gapOS.s:2239   .debug_str:0000000000000072 .LASF57
     /tmp/cc4gapOS.s:253    .text:000000000000015c .LFB32
     /tmp/cc4gapOS.s:279    .text:0000000000000190 .LFE32
     /tmp/cc4gapOS.s:269    .text:0000000000000180 .LVL18
     /tmp/cc4gapOS.s:2359   .debug_str:0000000000000567 .LASF58
     /tmp/cc4gapOS.s:9      .text:0000000000000000 .LFB31
     /tmp/cc4gapOS.s:54     .text:0000000000000044 .LFE31
     /tmp/cc4gapOS.s:2251   .debug_str:00000000000000f4 .LASF59
     /tmp/cc4gapOS.s:2225   .debug_str:0000000000000027 .LASF60
     /tmp/cc4gapOS.s:38     .text:000000000000002c .LBB14
     /tmp/cc4gapOS.s:50     .text:0000000000000040 .LBE14
     /tmp/cc4gapOS.s:2061   .debug_loc:0000000000000000 .LLST0
     /tmp/cc4gapOS.s:2365   .debug_str:00000000000005a3 .LASF61
     /tmp/cc4gapOS.s:2333   .debug_str:0000000000000486 .LASF63
     /tmp/cc4gapOS.s:2305   .debug_str:00000000000003a0 .LASF62
     /tmp/cc4gapOS.s:2289   .debug_str:000000000000024a .LASF64
     /tmp/cc4gapOS.s:229    .text:000000000000013c .LFB19
     /tmp/cc4gapOS.s:248    .text:000000000000015c .LFE19
     /tmp/cc4gapOS.s:144    .text:00000000000000bc .LFB18
     /tmp/cc4gapOS.s:223    .text:000000000000013c .LFE18
     /tmp/cc4gapOS.s:2070   .debug_loc:000000000000002c .LLST5
     /tmp/cc4gapOS.s:161    .text:00000000000000d4 .LBB34
     /tmp/cc4gapOS.s:2205   .debug_ranges:0000000000000000 .Ldebug_ranges0
     /tmp/cc4gapOS.s:2092   .debug_loc:000000000000008b .LLST6
     /tmp/cc4gapOS.s:2107   .debug_loc:00000000000000d4 .LLST7
     /tmp/cc4gapOS.s:163    .text:00000000000000d4 .LBB36
     /tmp/cc4gapOS.s:171    .text:00000000000000e0 .LBE36
     /tmp/cc4gapOS.s:2122   .debug_loc:000000000000011c .LLST8
     /tmp/cc4gapOS.s:169    .text:00000000000000e0 .LVL13
     /tmp/cc4gapOS.s:172    .text:00000000000000e0 .LBB38
     /tmp/cc4gapOS.s:179    .text:00000000000000e8 .LBE38
     /tmp/cc4gapOS.s:2130   .debug_loc:0000000000000140 .LLST9
     /tmp/cc4gapOS.s:2138   .debug_loc:0000000000000164 .LLST10
     /tmp/cc4gapOS.s:2145   .debug_loc:0000000000000187 .LLST11
     /tmp/cc4gapOS.s:60     .text:0000000000000044 .LFB17
     /tmp/cc4gapOS.s:138    .text:00000000000000bc .LFE17
     /tmp/cc4gapOS.s:75     .text:0000000000000058 .LBB21
     /tmp/cc4gapOS.s:2152   .debug_loc:00000000000001aa .LLST1
     /tmp/cc4gapOS.s:2167   .debug_loc:00000000000001f2 .LLST2
     /tmp/cc4gapOS.s:2178   .debug_loc:0000000000000228 .LLST3
GAS LISTING /tmp/cc4gapOS.s 			page 13


     /tmp/cc4gapOS.s:97     .text:0000000000000088 .LBB23
     /tmp/cc4gapOS.s:104    .text:0000000000000090 .LBE23
     /tmp/cc4gapOS.s:2185   .debug_loc:000000000000024b .LLST4
     /tmp/cc4gapOS.s:101    .text:0000000000000090 .LVL6
     /tmp/cc4gapOS.s:2317   .debug_str:00000000000003f4 .LASF65
     /tmp/cc4gapOS.s:2285   .debug_str:000000000000022c .LASF66
     /tmp/cc4gapOS.s:37     .text:000000000000002c .LVL1
     /tmp/cc4gapOS.s:47     .text:0000000000000040 .LVL2
     /tmp/cc4gapOS.s:147    .text:00000000000000bc .LVL10
     /tmp/cc4gapOS.s:167    .text:00000000000000d8 .LVL12
     /tmp/cc4gapOS.s:206    .text:0000000000000120 .LVL16
     /tmp/cc4gapOS.s:210    .text:0000000000000128 .LVL17
     /tmp/cc4gapOS.s:160    .text:00000000000000d4 .LVL11
     /tmp/cc4gapOS.s:194    .text:0000000000000114 .LVL15
     /tmp/cc4gapOS.s:177    .text:00000000000000e8 .LVL14
     /tmp/cc4gapOS.s:74     .text:0000000000000058 .LVL3
     /tmp/cc4gapOS.s:120    .text:00000000000000a8 .LVL7
     /tmp/cc4gapOS.s:132    .text:00000000000000b8 .LVL9
     /tmp/cc4gapOS.s:86     .text:0000000000000078 .LVL4
     /tmp/cc4gapOS.s:128    .text:00000000000000b4 .LVL8
     /tmp/cc4gapOS.s:96     .text:0000000000000088 .LVL5
     /tmp/cc4gapOS.s:298    .debug_info:0000000000000000 .Ldebug_info0
     /tmp/cc4gapOS.s:106    .text:0000000000000090 .LBE21
     /tmp/cc4gapOS.s:123    .text:00000000000000a8 .LBB26
     /tmp/cc4gapOS.s:134    .text:00000000000000b8 .LBE26
     /tmp/cc4gapOS.s:196    .text:0000000000000114 .LBE34
     /tmp/cc4gapOS.s:213    .text:0000000000000128 .LBB41
     /tmp/cc4gapOS.s:221    .text:000000000000013c .LBE41

UNDEFINED SYMBOLS
__mem_free
__mem_alloc
